node:events:486
      throw er; // Unhandled 'error' event
      ^

Error: listen EPERM: operation not permitted 0.0.0.0:5001
    at Server.setupListenHandle [as _listen2] (node:net:1918:21)
    at listenInCluster (node:net:1997:12)
    at Server.listen (node:net:2102:7)
    at Object.<anonymous> (/Users/swara/Documents/Voice-Assistant Doc/HealthData/server.js:36:8)
    at Module._compile (node:internal/modules/cjs/loader:1760:14)
    at Object..js (node:internal/modules/cjs/loader:1893:10)
    at Module.load (node:internal/modules/cjs/loader:1480:32)
    at Module._load (node:internal/modules/cjs/loader:1299:12)
    at TracingChannel.traceSync (node:diagnostics_channel:322:14)
    at wrapModuleLoad (node:internal/modules/cjs/loader:244:24)
Emitted 'error' event on WebSocketServer instance at:
    at Server.emit (node:events:508:28)
    at emitErrorNT (node:net:1976:8)
    at process.processTicksAndRejections (node:internal/process/task_queues:90:21) {
  code: 'EPERM',
  errno: -1,
  syscall: 'listen',
  address: '0.0.0.0',
  port: 5001
}

Node.js v24.8.0
